<?xml version="1.0" encoding="UTF-8"?>
<tests>
  <test className="Yepwoo\Laragine\Tests\Unit\InstallLaragineTest" methodName="test_the_install_command_create_root_directory" prettifiedClassName="Install Laragine (Yepwoo\Laragine\Tests\Unit\InstallLaragine)" prettifiedMethodName="The install command create root directory" status="0" time="8.998498586" size="-1" groups="default">
    <group name="default"/>
  </test>
  <test className="Yepwoo\Laragine\Tests\Unit\InstallLaragineTest" methodName="test_when_root_directory_exists_users_can_choose_to_override_it" prettifiedClassName="Install Laragine (Yepwoo\Laragine\Tests\Unit\InstallLaragine)" prettifiedMethodName="When root directory exists users can choose to override it" status="0" time="8.59133434" size="-1" groups="default">
    <group name="default"/>
  </test>
  <test className="Yepwoo\Laragine\Tests\Unit\InstallLaragineTest" methodName="test_when_root_directory_exists_users_can_choose_to_not_override_it" prettifiedClassName="Install Laragine (Yepwoo\Laragine\Tests\Unit\InstallLaragine)" prettifiedMethodName="When root directory exists users can choose to not override it" status="0" time="7.733880915" size="-1" groups="default">
    <group name="default"/>
  </test>
</tests>
