<?xml version="1.0" encoding="UTF-8"?>
<tests>
  <test className="Yepwoo\Laragine\Tests\Unit\InstallLaragineTest" methodName="test_the_install_command_create_root_directory" prettifiedClassName="Install Laragine (Yepwoo\Laragine\Tests\Unit\InstallLaragine)" prettifiedMethodName="The install command create root directory" status="4" time="0.2090466" size="-1" groups="default" exceptionLine="23" exceptionMessage="Class &quot;Core\laravel\&quot; not found">
    <group name="default"/>
  </test>
  <test className="Yepwoo\Laragine\Tests\Unit\InstallLaragineTest" methodName="test_when_root_directory_exists_users_can_choose_to_override_it" prettifiedClassName="Install Laragine (Yepwoo\Laragine\Tests\Unit\InstallLaragine)" prettifiedMethodName="When root directory exists users can choose to override it" status="4" time="0.0331585" size="-1" groups="default" exceptionLine="23" exceptionMessage="Class &quot;Core\laravel\&quot; not found">
    <group name="default"/>
  </test>
  <test className="Yepwoo\Laragine\Tests\Unit\InstallLaragineTest" methodName="test_when_root_directory_exists_users_can_choose_to_not_override_it" prettifiedClassName="Install Laragine (Yepwoo\Laragine\Tests\Unit\InstallLaragine)" prettifiedMethodName="When root directory exists users can choose to not override it" status="4" time="0.0317685" size="-1" groups="default" exceptionLine="23" exceptionMessage="Class &quot;Core\laravel\&quot; not found">
    <group name="default"/>
  </test>
  <test className="Yepwoo\Laragine\Tests\Unit\MakeModuleTest" methodName="test_the_module_command_create_module_directory" prettifiedClassName="Make Module (Yepwoo\Laragine\Tests\Unit\MakeModule)" prettifiedMethodName="The module command create module directory" status="4" time="0.035978" size="-1" groups="default" exceptionLine="38" exceptionMessage="Class &quot;Core\laravel\&quot; not found">
    <group name="default"/>
  </test>
  <test className="Yepwoo\Laragine\Tests\Unit\MakeModuleTest" methodName="test_when_module_directory_exists_users_can_choose_to_override_it" prettifiedClassName="Make Module (Yepwoo\Laragine\Tests\Unit\MakeModule)" prettifiedMethodName="When module directory exists users can choose to override it" status="4" time="0.0324029" size="-1" groups="default" exceptionLine="38" exceptionMessage="Class &quot;Core\laravel\&quot; not found">
    <group name="default"/>
  </test>
  <test className="Yepwoo\Laragine\Tests\Unit\MakeModuleTest" methodName="test_when_module_directory_exists_users_can_choose_to_not_override_it" prettifiedClassName="Make Module (Yepwoo\Laragine\Tests\Unit\MakeModule)" prettifiedMethodName="When module directory exists users can choose to not override it" status="4" time="0.0340419" size="-1" groups="default" exceptionLine="38" exceptionMessage="Class &quot;Core\laravel\&quot; not found">
    <group name="default"/>
  </test>
</tests>
